<<<<<<< HEAD
﻿  affichage_et_clavier.c
  dactylog.c
  gestion_fichier.c
  gestion_modes.c
\\Mac\Home\Desktop\Projet009\Dactylog-VisualStudio\Dactylog\gestion_fichier.c(259,8): warning C4013: 'system' undefined; assuming extern returning int
\\Mac\Home\Desktop\Projet009\Dactylog-VisualStudio\Dactylog\gestion_modes.c(176,9): warning C4101: 'key_type': unreferenced local variable
\\Mac\Home\Desktop\Projet009\Dactylog-VisualStudio\Dactylog\gestion_modes.c(177,9): warning C4101: 'highlight': unreferenced local variable
\\Mac\Home\Desktop\Projet009\Dactylog-VisualStudio\Dactylog\gestion_modes.c(236,9): warning C4101: 'key_type': unreferenced local variable
\\Mac\Home\Desktop\Projet009\Dactylog-VisualStudio\Dactylog\gestion_modes.c(237,9): warning C4101: 'key_code': unreferenced local variable
\\Mac\Home\Desktop\Projet009\Dactylog-VisualStudio\Dactylog\gestion_modes.c(260,9): warning C4101: 'key_type': unreferenced local variable
  gestion_statistiques.c
  util.c
\\Mac\Home\Desktop\Projet009\Dactylog-VisualStudio\Dactylog\gestion_modes.c(263,10): warning C4101: 'theorie_tab': unreferenced local variable
=======
﻿  gestion_modes.c
\\Mac\Home\Desktop\Projet009\Dactylog-VisualStudio\Dactylog\gestion_modes.c(117,32): error C2143: syntax error: missing ':' before ';'
\\Mac\Home\Desktop\Projet009\Dactylog-VisualStudio\Dactylog\gestion_modes.c(130,31): error C2143: syntax error: missing ':' before ';'
\\Mac\Home\Desktop\Projet009\Dactylog-VisualStudio\Dactylog\gestion_modes.c(134,23): error C2143: syntax error: missing ':' before ';'
\\Mac\Home\Desktop\Projet009\Dactylog-VisualStudio\Dactylog\gestion_modes.c(138,24): error C2143: syntax error: missing ':' before ';'
  gestion_statistiques.c
  util.c
\\Mac\Home\Desktop\Projet009\Dactylog-VisualStudio\Dactylog\gestion_modes.c(142,5): error C2143: syntax error: missing ';' before '}'
>>>>>>> master
\\Mac\Home\Desktop\Projet009\Dactylog-VisualStudio\Dactylog\util.c(34,15): warning C4244: 'function': conversion from 'time_t' to 'unsigned int', possible loss of data
\\Mac\Home\Desktop\Projet009\Dactylog-VisualStudio\Dactylog\util.c(69,6): warning C4101: 'lm': unreferenced local variable
  Generating Code...
\\Mac\Home\Desktop\Projet009\Dactylog-VisualStudio\Dactylog\util.c(107,15): warning C4244: 'function': conversion from 'time_t' to 'unsigned int', possible loss of data
\\Mac\Home\Desktop\Projet009\Dactylog-VisualStudio\Dactylog\util.c(42): warning C4716: 'test_rand_entre': must return a value
<<<<<<< HEAD
\\Mac\Home\Desktop\Projet009\Dactylog-VisualStudio\Dactylog\gestion_fichier.c(260): warning C4716: 'test_charger_item_etoile_fichier': must return a value
  LINK : \\Mac\Home\Desktop\Projet009\Dactylog-VisualStudio\Debug\Dactylog.exe not found or not built by the last incremental link; performing full link
  Dactylog.vcxproj -> \\Mac\Home\Desktop\Projet009\Dactylog-VisualStudio\Debug\Dactylog.exe
=======
>>>>>>> master
