  affichage_et_clavier.c
  dactylog.c
  gestion_fichier.c
  gestion_modes.c
C:\Users\Simon\OneDrive - ETS\TCH 009 Informatique\Projet GitKraken\Projet009\Dactylog-VisualStudio\Dactylog\gestion_fichier.c(259,8): warning C4013: 'system' undefined; assuming extern returning int
C:\Users\Simon\OneDrive - ETS\TCH 009 Informatique\Projet GitKraken\Projet009\Dactylog-VisualStudio\Dactylog\gestion_modes.c(110,6): warning C4101: 'highlight': unreferenced local variable
C:\Users\Simon\OneDrive - ETS\TCH 009 Informatique\Projet GitKraken\Projet009\Dactylog-VisualStudio\Dactylog\gestion_modes.c(169,6): warning C4101: 'key_type': unreferenced local variable
C:\Users\Simon\OneDrive - ETS\TCH 009 Informatique\Projet GitKraken\Projet009\Dactylog-VisualStudio\Dactylog\gestion_modes.c(170,6): warning C4101: 'highlight': unreferenced local variable
C:\Users\Simon\OneDrive - ETS\TCH 009 Informatique\Projet GitKraken\Projet009\Dactylog-VisualStudio\Dactylog\gestion_modes.c(229,6): warning C4101: 'key_type': unreferenced local variable
C:\Users\Simon\OneDrive - ETS\TCH 009 Informatique\Projet GitKraken\Projet009\Dactylog-VisualStudio\Dactylog\gestion_modes.c(230,6): warning C4101: 'key_code': unreferenced local variable
C:\Users\Simon\OneDrive - ETS\TCH 009 Informatique\Projet GitKraken\Projet009\Dactylog-VisualStudio\Dactylog\gestion_modes.c(253,6): warning C4101: 'key_type': unreferenced local variable
  gestion_statistiques.c
  util.c
C:\Users\Simon\OneDrive - ETS\TCH 009 Informatique\Projet GitKraken\Projet009\Dactylog-VisualStudio\Dactylog\gestion_modes.c(256,7): warning C4101: 'theorie_tab': unreferenced local variable
C:\Users\Simon\OneDrive - ETS\TCH 009 Informatique\Projet GitKraken\Projet009\Dactylog-VisualStudio\Dactylog\util.c(34,15): warning C4244: 'function': conversion from 'time_t' to 'unsigned int', possible loss of data
C:\Users\Simon\OneDrive - ETS\TCH 009 Informatique\Projet GitKraken\Projet009\Dactylog-VisualStudio\Dactylog\util.c(69,6): warning C4101: 'lm': unreferenced local variable
C:\Users\Simon\OneDrive - ETS\TCH 009 Informatique\Projet GitKraken\Projet009\Dactylog-VisualStudio\Dactylog\util.c(107,15): warning C4244: 'function': conversion from 'time_t' to 'unsigned int', possible loss of data
LINK : warning LNK4098: defaultlib 'LIBCMT' conflicts with use of other libs; use /NODEFAULTLIB:library
  Generating code
  Previous IPDB not found, fall back to full compilation.
  All 19 functions were compiled because no usable IPDB/IOBJ from previous compilation was found.
  Finished generating code
  Dactylog.vcxproj -> C:\Users\Simon\OneDrive - ETS\TCH 009 Informatique\Projet GitKraken\Projet009\Dactylog-VisualStudio\Release\Dactylog.exe
